d:\c++projects\datamonitor\datamonitor\x64\debug\vc143.pdb
d:\c++projects\datamonitor\datamonitor\x64\debug\vc143.idb
d:\c++projects\datamonitor\datamonitor\x64\debug\moc_linuxudpio.obj
d:\c++projects\datamonitor\datamonitor\x64\debug\linuxudpio.obj
d:\c++projects\datamonitor\datamonitor\x64\debug\beidoudatagenerator.obj
d:\c++projects\datamonitor\datamonitor\x64\debug\beidoudatasender.obj
d:\c++projects\datamonitor\datamonitor\x64\debug\main.obj
d:\c++projects\datamonitor\datamonitor\x64\debug\qt\moc\moc_linuxudpio.cpp
d:\c++projects\datamonitor\x64\debug\datamonitor.exe
d:\c++projects\datamonitor\x64\debug\datamonitor.pdb
d:\c++projects\datamonitor\datamonitor\x64\debug\datamonitor.ilk
d:\c++projects\datamonitor\datamonitor\x64\debug\datamonitor.tlog\cl.command.1.tlog
d:\c++projects\datamonitor\datamonitor\x64\debug\datamonitor.tlog\cl.items.tlog
d:\c++projects\datamonitor\datamonitor\x64\debug\datamonitor.tlog\cl.read.1.tlog
d:\c++projects\datamonitor\datamonitor\x64\debug\datamonitor.tlog\cl.write.1.tlog
d:\c++projects\datamonitor\datamonitor\x64\debug\datamonitor.tlog\datamonitor.write.1u.tlog
d:\c++projects\datamonitor\datamonitor\x64\debug\datamonitor.tlog\link.command.1.tlog
d:\c++projects\datamonitor\datamonitor\x64\debug\datamonitor.tlog\link.read.1.tlog
d:\c++projects\datamonitor\datamonitor\x64\debug\datamonitor.tlog\link.secondary.1.tlog
d:\c++projects\datamonitor\datamonitor\x64\debug\datamonitor.tlog\link.write.1.tlog
d:\c++projects\datamonitor\datamonitor\x64\debug\datamonitor.tlog\moc.read.1u.tlog
d:\c++projects\datamonitor\datamonitor\x64\debug\datamonitor.tlog\moc.write.1u.tlog
