d:\c++projects\drivers\drivers\x64\debug\vc143.pdb
d:\c++projects\drivers\drivers\x64\debug\vc143.idb
d:\c++projects\drivers\drivers\x64\debug\main.obj
d:\c++projects\drivers\drivers\x64\debug\ethernetdevice.obj
d:\c++projects\drivers\drivers\x64\debug\linuxudpio.obj
d:\c++projects\drivers\drivers\x64\debug\beidoustorage.obj
d:\c++projects\drivers\drivers\x64\debug\serialdevice.obj
d:\c++projects\drivers\drivers\x64\debug\satcompdxpparser.obj
d:\c++projects\drivers\drivers\x64\debug\protocolforwarder.obj
d:\c++projects\drivers\drivers\x64\debug\linuxserialio.obj
d:\c++projects\drivers\drivers\x64\debug\beidouparser.obj
d:\c++projects\drivers\drivers\x64\debug\parserfactory.obj
d:\c++projects\drivers\drivers\x64\debug\dataprocessingserver.obj
d:\c++projects\drivers\drivers\x64\debug\devicefactory.obj
d:\c++projects\drivers\drivers\x64\debug\storagerouter.obj
d:\c++projects\drivers\drivers\x64\debug\moc_linuxudpio.obj
d:\c++projects\drivers\drivers\x64\debug\moc_linuxserialio.obj
d:\c++projects\drivers\drivers\x64\debug\qt\moc\moc_linuxserialio.cpp
d:\c++projects\drivers\drivers\x64\debug\qt\moc\moc_linuxudpio.cpp
d:\c++projects\drivers\x64\debug\drivers.exe
d:\c++projects\drivers\x64\debug\drivers.pdb
d:\c++projects\drivers\drivers\x64\debug\drivers.ilk
d:\c++projects\drivers\drivers\x64\debug\drivers.tlog\cl.command.1.tlog
d:\c++projects\drivers\drivers\x64\debug\drivers.tlog\cl.items.tlog
d:\c++projects\drivers\drivers\x64\debug\drivers.tlog\cl.read.1.tlog
d:\c++projects\drivers\drivers\x64\debug\drivers.tlog\cl.write.1.tlog
d:\c++projects\drivers\drivers\x64\debug\drivers.tlog\drivers.write.1u.tlog
d:\c++projects\drivers\drivers\x64\debug\drivers.tlog\link.command.1.tlog
d:\c++projects\drivers\drivers\x64\debug\drivers.tlog\link.read.1.tlog
d:\c++projects\drivers\drivers\x64\debug\drivers.tlog\link.secondary.1.tlog
d:\c++projects\drivers\drivers\x64\debug\drivers.tlog\link.write.1.tlog
d:\c++projects\drivers\drivers\x64\debug\drivers.tlog\moc.read.1u.tlog
d:\c++projects\drivers\drivers\x64\debug\drivers.tlog\moc.write.1u.tlog
